[INFO  - 2018-05-18T13:03:33.991Z] GhostDriver - Main - running on port 26615
[INFO  - 2018-05-18T13:03:34.548Z] Session [df2b55b0-5a9b-11e8-9416-3bc1b2483ead] - page.settings - {"XSSAuditingEnabled":false,"javascriptCanCloseWindows":true,"javascriptCanOpenWindows":true,"javascriptEnabled":true,"loadImages":true,"localToRemoteUrlAccessEnabled":false,"userAgent":"Mozilla/5.0 (Macintosh; Intel Mac OS X) AppleWebKit/538.1 (KHTML, like Gecko) PhantomJS/2.1.1 Safari/538.1","webSecurityEnabled":true}
[INFO  - 2018-05-18T13:03:34.548Z] Session [df2b55b0-5a9b-11e8-9416-3bc1b2483ead] - page.customHeaders:  - {}
[INFO  - 2018-05-18T13:03:34.550Z] Session [df2b55b0-5a9b-11e8-9416-3bc1b2483ead] - Session.negotiatedCapabilities - {"browserName":"phantomjs","version":"2.1.1","driverName":"ghostdriver","driverVersion":"1.2.0","platform":"mac-unknown-64bit","javascriptEnabled":true,"takesScreenshot":true,"handlesAlerts":false,"databaseEnabled":false,"locationContextEnabled":false,"applicationCacheEnabled":false,"browserConnectionEnabled":false,"cssSelectorsEnabled":true,"webStorageEnabled":false,"rotatable":false,"acceptSslCerts":false,"nativeEvents":true,"proxy":{"proxyType":"direct"}}
[INFO  - 2018-05-18T13:03:34.550Z] SessionManagerReqHand - _postNewSessionCommand - New Session Created: df2b55b0-5a9b-11e8-9416-3bc1b2483ead
[INFO  - 2018-05-18T13:03:35.417Z] ShutdownReqHand - _handle - About to shutdown
[INFO  - 2018-05-18T13:20:30.377Z] GhostDriver - Main - running on port 22365
[INFO  - 2018-05-18T13:20:31.199Z] Session [3d23f760-5a9e-11e8-bbb4-592b89d8c4f4] - page.settings - {"XSSAuditingEnabled":false,"javascriptCanCloseWindows":true,"javascriptCanOpenWindows":true,"javascriptEnabled":true,"loadImages":true,"localToRemoteUrlAccessEnabled":false,"userAgent":"Mozilla/5.0 (Macintosh; Intel Mac OS X) AppleWebKit/538.1 (KHTML, like Gecko) PhantomJS/2.1.1 Safari/538.1","webSecurityEnabled":true}
[INFO  - 2018-05-18T13:20:31.199Z] Session [3d23f760-5a9e-11e8-bbb4-592b89d8c4f4] - page.customHeaders:  - {}
[INFO  - 2018-05-18T13:20:31.199Z] Session [3d23f760-5a9e-11e8-bbb4-592b89d8c4f4] - Session.negotiatedCapabilities - {"browserName":"phantomjs","version":"2.1.1","driverName":"ghostdriver","driverVersion":"1.2.0","platform":"mac-unknown-64bit","javascriptEnabled":true,"takesScreenshot":true,"handlesAlerts":false,"databaseEnabled":false,"locationContextEnabled":false,"applicationCacheEnabled":false,"browserConnectionEnabled":false,"cssSelectorsEnabled":true,"webStorageEnabled":false,"rotatable":false,"acceptSslCerts":false,"nativeEvents":true,"proxy":{"proxyType":"direct"}}
[INFO  - 2018-05-18T13:20:31.200Z] SessionManagerReqHand - _postNewSessionCommand - New Session Created: 3d23f760-5a9e-11e8-bbb4-592b89d8c4f4
[INFO  - 2018-05-18T13:20:32.124Z] ShutdownReqHand - _handle - About to shutdown
[INFO  - 2018-05-18T13:26:18.606Z] GhostDriver - Main - running on port 12939
[INFO  - 2018-05-18T13:26:19.328Z] Session [0ca4b1a0-5a9f-11e8-a515-b9291eab132b] - page.settings - {"XSSAuditingEnabled":false,"javascriptCanCloseWindows":true,"javascriptCanOpenWindows":true,"javascriptEnabled":true,"loadImages":true,"localToRemoteUrlAccessEnabled":false,"userAgent":"Mozilla/5.0 (Macintosh; Intel Mac OS X) AppleWebKit/538.1 (KHTML, like Gecko) PhantomJS/2.1.1 Safari/538.1","webSecurityEnabled":true}
[INFO  - 2018-05-18T13:26:19.328Z] Session [0ca4b1a0-5a9f-11e8-a515-b9291eab132b] - page.customHeaders:  - {}
[INFO  - 2018-05-18T13:26:19.328Z] Session [0ca4b1a0-5a9f-11e8-a515-b9291eab132b] - Session.negotiatedCapabilities - {"browserName":"phantomjs","version":"2.1.1","driverName":"ghostdriver","driverVersion":"1.2.0","platform":"mac-unknown-64bit","javascriptEnabled":true,"takesScreenshot":true,"handlesAlerts":false,"databaseEnabled":false,"locationContextEnabled":false,"applicationCacheEnabled":false,"browserConnectionEnabled":false,"cssSelectorsEnabled":true,"webStorageEnabled":false,"rotatable":false,"acceptSslCerts":false,"nativeEvents":true,"proxy":{"proxyType":"direct"}}
[INFO  - 2018-05-18T13:26:19.329Z] SessionManagerReqHand - _postNewSessionCommand - New Session Created: 0ca4b1a0-5a9f-11e8-a515-b9291eab132b
[INFO  - 2018-05-18T13:26:20.440Z] ShutdownReqHand - _handle - About to shutdown
[INFO  - 2018-05-18T13:29:37.499Z] GhostDriver - Main - running on port 16901
[INFO  - 2018-05-18T13:29:37.949Z] Session [8307b360-5a9f-11e8-a338-696584804030] - page.settings - {"XSSAuditingEnabled":false,"javascriptCanCloseWindows":true,"javascriptCanOpenWindows":true,"javascriptEnabled":true,"loadImages":true,"localToRemoteUrlAccessEnabled":false,"userAgent":"Mozilla/5.0 (Macintosh; Intel Mac OS X) AppleWebKit/538.1 (KHTML, like Gecko) PhantomJS/2.1.1 Safari/538.1","webSecurityEnabled":true}
[INFO  - 2018-05-18T13:29:37.949Z] Session [8307b360-5a9f-11e8-a338-696584804030] - page.customHeaders:  - {}
[INFO  - 2018-05-18T13:29:37.951Z] Session [8307b360-5a9f-11e8-a338-696584804030] - Session.negotiatedCapabilities - {"browserName":"phantomjs","version":"2.1.1","driverName":"ghostdriver","driverVersion":"1.2.0","platform":"mac-unknown-64bit","javascriptEnabled":true,"takesScreenshot":true,"handlesAlerts":false,"databaseEnabled":false,"locationContextEnabled":false,"applicationCacheEnabled":false,"browserConnectionEnabled":false,"cssSelectorsEnabled":true,"webStorageEnabled":false,"rotatable":false,"acceptSslCerts":false,"nativeEvents":true,"proxy":{"proxyType":"direct"}}
[INFO  - 2018-05-18T13:29:37.951Z] SessionManagerReqHand - _postNewSessionCommand - New Session Created: 8307b360-5a9f-11e8-a338-696584804030
[INFO  - 2018-05-18T13:29:38.814Z] ShutdownReqHand - _handle - About to shutdown
[INFO  - 2018-05-18T13:32:25.035Z] GhostDriver - Main - running on port 2093
[INFO  - 2018-05-18T13:32:25.750Z] Session [e70b7db0-5a9f-11e8-afb6-edf02bbda42a] - page.settings - {"XSSAuditingEnabled":false,"javascriptCanCloseWindows":true,"javascriptCanOpenWindows":true,"javascriptEnabled":true,"loadImages":true,"localToRemoteUrlAccessEnabled":false,"userAgent":"Mozilla/5.0 (Macintosh; Intel Mac OS X) AppleWebKit/538.1 (KHTML, like Gecko) PhantomJS/2.1.1 Safari/538.1","webSecurityEnabled":true}
[INFO  - 2018-05-18T13:32:25.750Z] Session [e70b7db0-5a9f-11e8-afb6-edf02bbda42a] - page.customHeaders:  - {}
[INFO  - 2018-05-18T13:32:25.750Z] Session [e70b7db0-5a9f-11e8-afb6-edf02bbda42a] - Session.negotiatedCapabilities - {"browserName":"phantomjs","version":"2.1.1","driverName":"ghostdriver","driverVersion":"1.2.0","platform":"mac-unknown-64bit","javascriptEnabled":true,"takesScreenshot":true,"handlesAlerts":false,"databaseEnabled":false,"locationContextEnabled":false,"applicationCacheEnabled":false,"browserConnectionEnabled":false,"cssSelectorsEnabled":true,"webStorageEnabled":false,"rotatable":false,"acceptSslCerts":false,"nativeEvents":true,"proxy":{"proxyType":"direct"}}
[INFO  - 2018-05-18T13:32:25.750Z] SessionManagerReqHand - _postNewSessionCommand - New Session Created: e70b7db0-5a9f-11e8-afb6-edf02bbda42a
[INFO  - 2018-05-18T13:32:26.679Z] ShutdownReqHand - _handle - About to shutdown
[INFO  - 2018-05-18T15:16:31.669Z] GhostDriver - Main - running on port 43053
[INFO  - 2018-05-18T15:16:32.411Z] Session [72591450-5aae-11e8-b6fe-1fec7c73af50] - page.settings - {"XSSAuditingEnabled":false,"javascriptCanCloseWindows":true,"javascriptCanOpenWindows":true,"javascriptEnabled":true,"loadImages":true,"localToRemoteUrlAccessEnabled":false,"userAgent":"Mozilla/5.0 (Macintosh; Intel Mac OS X) AppleWebKit/538.1 (KHTML, like Gecko) PhantomJS/2.1.1 Safari/538.1","webSecurityEnabled":true}
[INFO  - 2018-05-18T15:16:32.411Z] Session [72591450-5aae-11e8-b6fe-1fec7c73af50] - page.customHeaders:  - {}
[INFO  - 2018-05-18T15:16:32.411Z] Session [72591450-5aae-11e8-b6fe-1fec7c73af50] - Session.negotiatedCapabilities - {"browserName":"phantomjs","version":"2.1.1","driverName":"ghostdriver","driverVersion":"1.2.0","platform":"mac-unknown-64bit","javascriptEnabled":true,"takesScreenshot":true,"handlesAlerts":false,"databaseEnabled":false,"locationContextEnabled":false,"applicationCacheEnabled":false,"browserConnectionEnabled":false,"cssSelectorsEnabled":true,"webStorageEnabled":false,"rotatable":false,"acceptSslCerts":false,"nativeEvents":true,"proxy":{"proxyType":"direct"}}
[INFO  - 2018-05-18T15:16:32.411Z] SessionManagerReqHand - _postNewSessionCommand - New Session Created: 72591450-5aae-11e8-b6fe-1fec7c73af50
[INFO  - 2018-05-18T15:16:33.222Z] ShutdownReqHand - _handle - About to shutdown
[INFO  - 2018-05-19T04:05:30.894Z] GhostDriver - Main - running on port 17338
[INFO  - 2018-05-19T04:05:31.586Z] Session [df709ed0-5b19-11e8-a893-1966eb024730] - page.settings - {"XSSAuditingEnabled":false,"javascriptCanCloseWindows":true,"javascriptCanOpenWindows":true,"javascriptEnabled":true,"loadImages":true,"localToRemoteUrlAccessEnabled":false,"userAgent":"Mozilla/5.0 (Macintosh; Intel Mac OS X) AppleWebKit/538.1 (KHTML, like Gecko) PhantomJS/2.1.1 Safari/538.1","webSecurityEnabled":true}
[INFO  - 2018-05-19T04:05:31.586Z] Session [df709ed0-5b19-11e8-a893-1966eb024730] - page.customHeaders:  - {}
[INFO  - 2018-05-19T04:05:31.589Z] Session [df709ed0-5b19-11e8-a893-1966eb024730] - Session.negotiatedCapabilities - {"browserName":"phantomjs","version":"2.1.1","driverName":"ghostdriver","driverVersion":"1.2.0","platform":"mac-unknown-64bit","javascriptEnabled":true,"takesScreenshot":true,"handlesAlerts":false,"databaseEnabled":false,"locationContextEnabled":false,"applicationCacheEnabled":false,"browserConnectionEnabled":false,"cssSelectorsEnabled":true,"webStorageEnabled":false,"rotatable":false,"acceptSslCerts":false,"nativeEvents":true,"proxy":{"proxyType":"direct"}}
[INFO  - 2018-05-19T04:05:31.589Z] SessionManagerReqHand - _postNewSessionCommand - New Session Created: df709ed0-5b19-11e8-a893-1966eb024730
[INFO  - 2018-05-19T04:05:32.505Z] ShutdownReqHand - _handle - About to shutdown
[INFO  - 2018-05-19T06:06:50.400Z] GhostDriver - Main - running on port 14347
[INFO  - 2018-05-19T06:06:51.078Z] Session [d25af310-5b2a-11e8-8204-09c05ce303ff] - page.settings - {"XSSAuditingEnabled":false,"javascriptCanCloseWindows":true,"javascriptCanOpenWindows":true,"javascriptEnabled":true,"loadImages":true,"localToRemoteUrlAccessEnabled":false,"userAgent":"Mozilla/5.0 (Macintosh; Intel Mac OS X) AppleWebKit/538.1 (KHTML, like Gecko) PhantomJS/2.1.1 Safari/538.1","webSecurityEnabled":true}
[INFO  - 2018-05-19T06:06:51.078Z] Session [d25af310-5b2a-11e8-8204-09c05ce303ff] - page.customHeaders:  - {}
[INFO  - 2018-05-19T06:06:51.079Z] Session [d25af310-5b2a-11e8-8204-09c05ce303ff] - Session.negotiatedCapabilities - {"browserName":"phantomjs","version":"2.1.1","driverName":"ghostdriver","driverVersion":"1.2.0","platform":"mac-unknown-64bit","javascriptEnabled":true,"takesScreenshot":true,"handlesAlerts":false,"databaseEnabled":false,"locationContextEnabled":false,"applicationCacheEnabled":false,"browserConnectionEnabled":false,"cssSelectorsEnabled":true,"webStorageEnabled":false,"rotatable":false,"acceptSslCerts":false,"nativeEvents":true,"proxy":{"proxyType":"direct"}}
[INFO  - 2018-05-19T06:06:51.079Z] SessionManagerReqHand - _postNewSessionCommand - New Session Created: d25af310-5b2a-11e8-8204-09c05ce303ff
[INFO  - 2018-05-19T06:06:51.855Z] ShutdownReqHand - _handle - About to shutdown
